<?xml version="1.0" encoding="UTF-8"?>
<!-- Generated by org.testng.reporters.JUnitReportReporter -->
<testsuite hostname="sravs" failures="0" tests="1" name="com.bs.demo.General_StoreTest" time="22.245" errors="0" timestamp="2023-11-14T09:58:42 IST" skipped="0">
  <testcase classname="com.bs.demo.General_StoreTest" name="DropDownsTest" time="22.245"/>
</testsuite> <!-- com.bs.demo.General_StoreTest -->
