<?xml version="1.0" encoding="UTF-8"?>
<!-- Generated by org.testng.reporters.JUnitReportReporter -->
<testsuite hostname="sravs" failures="0" tests="1" name="com.bs.demo.SetWifi" time="12.478" errors="0" timestamp="2023-11-09T01:13:12 IST" skipped="0">
  <testcase classname="com.bs.demo.SetWifi" name="setWifiTest" time="12.478"/>
</testsuite> <!-- com.bs.demo.SetWifi -->
