<?xml version="1.0" encoding="UTF-8"?>
<!-- Generated by org.testng.reporters.JUnitReportReporter -->
<testsuite hostname="sravs" failures="0" tests="1" name="com.bs.demo.ScrollGesture" time="10.598" errors="0" timestamp="2023-12-01T22:59:02 IST" skipped="0">
  <testcase classname="com.bs.demo.ScrollGesture" name="ScrollTest" time="10.598"/>
</testsuite> <!-- com.bs.demo.ScrollGesture -->
