<?xml version="1.0" encoding="UTF-8"?>
<!-- Generated by org.testng.reporters.JUnitReportReporter -->
<testsuite hostname="sravs" failures="0" tests="1" name="com.bs.demo.OptimizeBaseClass" time="20.386" errors="0" timestamp="2023-11-11T16:29:52 IST" skipped="0">
  <testcase classname="com.bs.demo.OptimizeBaseClass" name="ConfigureAppium1" time="20.386"/>
</testsuite> <!-- com.bs.demo.OptimizeBaseClass -->
