<?xml version="1.0" encoding="UTF-8"?>
<!-- Generated by org.testng.reporters.JUnitReportReporter -->
<testsuite hostname="sravs" failures="0" tests="1" name="com.bs.demo.ViewText" time="4.164" errors="0" timestamp="2023-11-09T01:57:06 IST" skipped="0">
  <testcase classname="com.bs.demo.ViewText" name="textTest" time="4.164"/>
</testsuite> <!-- com.bs.demo.ViewText -->
