<?xml version="1.0" encoding="UTF-8"?>
<!-- Generated by org.testng.reporters.JUnitReportReporter -->
<testsuite hostname="sravs" failures="0" tests="1" name="com.bs.demo.Swipe" time="7.489" errors="0" timestamp="2023-11-11T18:18:09 IST" skipped="0">
  <testcase classname="com.bs.demo.Swipe" name="SwipeDemoTest" time="7.489"/>
</testsuite> <!-- com.bs.demo.Swipe -->
