<?xml version="1.0" encoding="UTF-8"?>
<!-- Generated by org.testng.reporters.JUnitReportReporter -->
<testsuite hostname="sravs" failures="0" tests="1" name="com.bs.demo.HybridTest" time="45.199" errors="0" timestamp="2023-11-16T22:14:04 IST" skipped="0">
  <testcase classname="com.bs.demo.HybridTest" name="doHybrid" time="45.199"/>
</testsuite> <!-- com.bs.demo.HybridTest -->
