<?xml version="1.0" encoding="UTF-8"?>
<!-- Generated by org.testng.reporters.JUnitReportReporter -->
<testsuite hostname="sravs" failures="0" tests="1" name="com.bs.demo.LongPress" time="9.928" errors="0" timestamp="2023-11-11T18:07:55 IST" skipped="0">
  <testcase classname="com.bs.demo.LongPress" name="longPressTest" time="9.928"/>
</testsuite> <!-- com.bs.demo.LongPress -->
