<?xml version="1.0" encoding="UTF-8"?>
<!-- Generated by org.testng.reporters.JUnitReportReporter -->
<testsuite hostname="sravs" failures="0" tests="1" name="com.bs.demo.BaseClass" time="20.987" errors="0" timestamp="2023-11-07T22:49:31 IST" skipped="0">
  <testcase classname="com.bs.demo.BaseClass" name="ConfigureAppium" time="20.987"/>
</testsuite> <!-- com.bs.demo.BaseClass -->
